<?xml version="1.0" encoding="UTF-8"?>
<!-- Generated by org.testng.reporters.JUnitReportReporter -->
<testsuite hostname="DESKTOP-4AI5N7R" failures="0" tests="1" name="Demo.demo" time="2.252" errors="0" timestamp="2023-11-09T23:35:42 IST" skipped="0">
  <testcase classname="Demo.demo" name="test" time="2.252"/>
  <system-out/>
</testsuite> <!-- Demo.demo -->
