<?xml version="1.0" encoding="UTF-8"?>
<!-- Generated by org.testng.reporters.JUnitReportReporter -->
<testsuite hostname="DESKTOP-4AI5N7R" failures="0" tests="4" name="api.test.UserTests" time="11.320" errors="0" timestamp="2023-11-12T11:19:33 IST" skipped="0">
  <testcase classname="api.test.UserTests" name="testPostUser" time="2.896"/>
  <system-out/>
  <testcase classname="api.test.UserTests" name="testGetUserByName" time="2.092"/>
  <system-out/>
  <testcase classname="api.test.UserTests" name="testUpdateUserByName" time="4.464"/>
  <system-out/>
  <testcase classname="api.test.UserTests" name="deleteUserByName" time="1.868"/>
  <system-out/>
</testsuite> <!-- api.test.UserTests -->
