<?xml version="1.0" encoding="UTF-8"?>
<!-- Generated by org.testng.reporters.JUnitReportReporter -->
<testsuite hostname="DESKTOP-4AI5N7R" failures="0" tests="1" name="api.test.PetTest" time="6.469" errors="0" timestamp="2023-11-11T08:30:01 IST" skipped="0">
  <testcase classname="api.test.PetTest" name="testDeletePet" time="6.469"/>
  <system-out/>
</testsuite> <!-- api.test.PetTest -->
