<?xml version="1.0" encoding="UTF-8"?>
<!-- Generated by org.testng.reporters.JUnitReportReporter -->
<testsuite hostname="DESKTOP-4AI5N7R" failures="0" tests="4" name="api.test.UserTests" time="11.546" errors="0" timestamp="2023-11-10T15:56:37 IST" skipped="0">
  <testcase classname="api.test.UserTests" name="testPostUser" time="6.609"/>
  <system-out/>
  <testcase classname="api.test.UserTests" name="testGetUserByName" time="1.301"/>
  <system-out/>
  <testcase classname="api.test.UserTests" name="testUpdateUserByName" time="2.412"/>
  <system-out/>
  <testcase classname="api.test.UserTests" name="deleteUserByName" time="1.224"/>
  <system-out/>
</testsuite> <!-- api.test.UserTests -->
