<?xml version="1.0" encoding="UTF-8"?>
<!-- Generated by org.testng.reporters.JUnitReportReporter -->
<testsuite hostname="DESKTOP-4AI5N7R" failures="0" tests="4" name="api.test.PetTest" time="20.171" errors="0" timestamp="2023-11-11T18:46:04 IST" skipped="0">
  <testcase classname="api.test.PetTest" name="testAddPet" time="12.548"/>
  <system-out/>
  <testcase classname="api.test.PetTest" name="testReadPet" time="1.646"/>
  <system-out/>
  <testcase classname="api.test.PetTest" name="testUpdatePet" time="4.316"/>
  <system-out/>
  <testcase classname="api.test.PetTest" name="testDeletePet" time="1.661"/>
  <system-out/>
</testsuite> <!-- api.test.PetTest -->
