<?xml version="1.0" encoding="UTF-8"?>
<!-- Generated by org.testng.reporters.JUnitReportReporter -->
<testsuite hostname="DESKTOP-4AI5N7R" failures="0" tests="4" name="api.test.PetTest" time="19.988" errors="0" timestamp="2023-11-12T11:19:33 IST" skipped="0">
  <testcase classname="api.test.PetTest" name="testAddPet" time="11.566"/>
  <system-out/>
  <testcase classname="api.test.PetTest" name="testReadPet" time="2.072"/>
  <system-out/>
  <testcase classname="api.test.PetTest" name="testUpdatePet" time="3.857"/>
  <system-out/>
  <testcase classname="api.test.PetTest" name="testDeletePet" time="2.493"/>
  <system-out/>
</testsuite> <!-- api.test.PetTest -->
