<?xml version="1.0" encoding="UTF-8"?>
<!-- Generated by org.testng.reporters.JUnitReportReporter -->
<testsuite hostname="DESKTOP-4AI5N7R" failures="0" tests="4" name="api.test.StoreTests" time="18.609" errors="0" timestamp="2023-11-10T22:57:29 IST" skipped="0">
  <testcase classname="api.test.StoreTests" name="placeOrderTest" time="7.873"/>
  <system-out/>
  <testcase classname="api.test.StoreTests" name="testGetPlaceOrder" time="3.496"/>
  <system-out/>
  <testcase classname="api.test.StoreTests" name="testGetInventoryOrder" time="2.451"/>
  <system-out/>
  <testcase classname="api.test.StoreTests" name="testDeleteOrder" time="4.789"/>
  <system-out/>
</testsuite> <!-- api.test.StoreTests -->
