<?xml version="1.0" encoding="UTF-8"?>
<!-- Generated by org.testng.reporters.JUnitReportReporter -->
<testsuite hostname="DESKTOP-4AI5N7R" failures="0" tests="4" name="api.test.UserTests" time="8.127" errors="0" timestamp="2023-11-12T11:25:03 IST" skipped="0">
  <testcase classname="api.test.UserTests" name="testPostUser" time="1.793"/>
  <system-out/>
  <testcase classname="api.test.UserTests" name="testGetUserByName" time="1.587"/>
  <system-out/>
  <testcase classname="api.test.UserTests" name="testUpdateUserByName" time="3.212"/>
  <system-out/>
  <testcase classname="api.test.UserTests" name="deleteUserByName" time="1.535"/>
  <system-out/>
</testsuite> <!-- api.test.UserTests -->
