<?xml version="1.0" encoding="UTF-8"?>
<!-- Generated by org.testng.reporters.JUnitReportReporter -->
<testsuite hostname="DESKTOP-4AI5N7R" failures="0" tests="4" name="api.test.UserTests" time="8.610" errors="0" timestamp="2023-11-11T16:39:33 IST" skipped="0">
  <testcase classname="api.test.UserTests" name="testPostUser" time="1.964"/>
  <system-out/>
  <testcase classname="api.test.UserTests" name="testGetUserByName" time="1.774"/>
  <system-out/>
  <testcase classname="api.test.UserTests" name="testUpdateUserByName" time="3.191"/>
  <system-out/>
  <testcase classname="api.test.UserTests" name="deleteUserByName" time="1.681"/>
  <system-out/>
</testsuite> <!-- api.test.UserTests -->
