<?xml version="1.0" encoding="UTF-8"?>
<!-- Generated by org.testng.reporters.JUnitReportReporter -->
<testsuite hostname="DESKTOP-4AI5N7R" failures="0" tests="4" name="api.test.StoreTests" time="8.042" errors="0" timestamp="2023-11-11T16:39:33 IST" skipped="0">
  <testcase classname="api.test.StoreTests" name="testPlaceOrder" time="1.811"/>
  <system-out/>
  <testcase classname="api.test.StoreTests" name="testGetPlaceOrder" time="1.671"/>
  <system-out/>
  <testcase classname="api.test.StoreTests" name="testGetInventoryOrder" time="2.951"/>
  <system-out/>
  <testcase classname="api.test.StoreTests" name="testDeleteOrder" time="1.609"/>
  <system-out/>
</testsuite> <!-- api.test.StoreTests -->
