<?xml version="1.0" encoding="UTF-8"?>
<!-- Generated by org.testng.reporters.JUnitReportReporter -->
<testsuite hostname="DESKTOP-4AI5N7R" failures="0" tests="4" name="api.test.PetTest" time="18.617" errors="0" timestamp="2023-11-12T11:25:03 IST" skipped="0">
  <testcase classname="api.test.PetTest" name="testAddPet" time="11.372"/>
  <system-out/>
  <testcase classname="api.test.PetTest" name="testReadPet" time="2.227"/>
  <system-out/>
  <testcase classname="api.test.PetTest" name="testUpdatePet" time="3.417"/>
  <system-out/>
  <testcase classname="api.test.PetTest" name="testDeletePet" time="1.601"/>
  <system-out/>
</testsuite> <!-- api.test.PetTest -->
