<?xml version="1.0" encoding="UTF-8"?>
<!-- Generated by org.testng.reporters.JUnitReportReporter -->
<testsuite hostname="DESKTOP-4AI5N7R" failures="0" tests="4" name="api.test.StoreTests" time="6.309" errors="0" timestamp="2023-11-12T11:25:03 IST" skipped="0">
  <testcase classname="api.test.StoreTests" name="testPlaceOrder" time="1.600"/>
  <system-out/>
  <testcase classname="api.test.StoreTests" name="testGetPlaceOrder" time="1.522"/>
  <system-out/>
  <testcase classname="api.test.StoreTests" name="testGetInventoryOrder" time="1.578"/>
  <system-out/>
  <testcase classname="api.test.StoreTests" name="testDeleteOrder" time="1.609"/>
  <system-out/>
</testsuite> <!-- api.test.StoreTests -->
