<?xml version="1.0" encoding="UTF-8"?>
<!-- Generated by org.testng.reporters.JUnitReportReporter -->
<testsuite hostname="DESKTOP-4AI5N7R" failures="0" tests="4" name="api.test.UserTests" time="7.638" errors="0" timestamp="2023-11-11T18:48:10 IST" skipped="0">
  <testcase classname="api.test.UserTests" name="testPostUser" time="1.485"/>
  <system-out/>
  <testcase classname="api.test.UserTests" name="testGetUserByName" time="1.540"/>
  <system-out/>
  <testcase classname="api.test.UserTests" name="testUpdateUserByName" time="3.138"/>
  <system-out/>
  <testcase classname="api.test.UserTests" name="deleteUserByName" time="1.475"/>
  <system-out/>
</testsuite> <!-- api.test.UserTests -->
