<?xml version="1.0" encoding="UTF-8"?>
<!-- Generated by org.testng.reporters.JUnitReportReporter -->
<testsuite hostname="DESKTOP-4AI5N7R" failures="0" tests="4" name="api.test.PetTest" time="13.600" errors="0" timestamp="2023-11-11T16:39:33 IST" skipped="0">
  <testcase classname="api.test.PetTest" name="testAddPet" time="6.700"/>
  <system-out/>
  <testcase classname="api.test.PetTest" name="testReadPet" time="1.699"/>
  <system-out/>
  <testcase classname="api.test.PetTest" name="testUpdatePet" time="3.402"/>
  <system-out/>
  <testcase classname="api.test.PetTest" name="testDeletePet" time="1.799"/>
  <system-out/>
</testsuite> <!-- api.test.PetTest -->
